2025-07-31T20:54:20+00:00 GET start=2025-06-29T00:00:00+02:00 end=2025-08-10T00:00:00+02:00
2025-07-31T20:54:20+00:00 GET result: [{"id":"e229n2qcaeeloi3mtoa8fu225s","title":"hfhsd","start":"2025-07-24T09:00:00+02:00","end":"2025-07-24T10:00:00+02:00"},{"id":"qohbm29fgliln4mlhafmnhpjnc","title":"test","start":"2025-07-30T09:00:00+02:00","end":"2025-07-30T10:00:00+02:00"}]
2025-07-31T20:54:44+00:00 GET start=2025-06-29T00:00:00+02:00 end=2025-08-10T00:00:00+02:00
2025-07-31T20:54:44+00:00 GET result: [{"id":"e229n2qcaeeloi3mtoa8fu225s","title":"hfhsd","start":"2025-07-24T09:00:00+02:00","end":"2025-07-24T10:00:00+02:00"},{"id":"qohbm29fgliln4mlhafmnhpjnc","title":"test","start":"2025-07-30T09:00:00+02:00","end":"2025-07-30T10:00:00+02:00"}]
2025-07-31T23:33:52+00:00 GET start=2025-07-27T00:00:00+02:00 end=2025-09-07T00:00:00+02:00
2025-07-31T23:33:53+00:00 GET result: [{"id":"qohbm29fgliln4mlhafmnhpjnc","title":"test","start":"2025-07-30T09:00:00+02:00","end":"2025-07-30T10:00:00+02:00"}]
2025-07-31T23:34:32+00:00 POST raw input: {"title":"Appuntamento Sig","start":"2025-08-01T09:00","end":"2025-08-01T10:00"}
2025-07-31T23:34:33+00:00 POST parsed input: {"title":"Appuntamento Sig","start":"2025-08-01T09:00","end":"2025-08-01T10:00"}
2025-07-31T23:34:33+00:00 POST event to insert: Google\Service\Calendar\Event Object
(
    [internal_gapi_mappings:protected] => Array
        (
        )

    [modelData:protected] => Array
        (
        )

    [processed:protected] => Array
        (
        )

    [collection_key:protected] => recurrence
    [anyoneCanAddSelf] => 
    [attachmentsType:protected] => Google\Service\Calendar\EventAttachment
    [attachmentsDataType:protected] => array
    [attendeesType:protected] => Google\Service\Calendar\EventAttendee
    [attendeesDataType:protected] => array
    [attendeesOmitted] => 
    [birthdayPropertiesType:protected] => Google\Service\Calendar\EventBirthdayProperties
    [birthdayPropertiesDataType:protected] => 
    [colorId] => 
    [conferenceDataType:protected] => Google\Service\Calendar\ConferenceData
    [conferenceDataDataType:protected] => 
    [created] => 
    [creatorType:protected] => Google\Service\Calendar\EventCreator
    [creatorDataType:protected] => 
    [description] => 
    [endType:protected] => Google\Service\Calendar\EventDateTime
    [endDataType:protected] => 
    [endTimeUnspecified] => 
    [etag] => 
    [eventType] => 
    [extendedPropertiesType:protected] => Google\Service\Calendar\EventExtendedProperties
    [extendedPropertiesDataType:protected] => 
    [focusTimePropertiesType:protected] => Google\Service\Calendar\EventFocusTimeProperties
    [focusTimePropertiesDataType:protected] => 
    [gadgetType:protected] => Google\Service\Calendar\EventGadget
    [gadgetDataType:protected] => 
    [guestsCanInviteOthers] => 
    [guestsCanModify] => 
    [guestsCanSeeOtherGuests] => 
    [hangoutLink] => 
    [htmlLink] => 
    [iCalUID] => 
    [id] => 
    [kind] => 
    [location] => 
    [locked] => 
    [organizerType:protected] => Google\Service\Calendar\EventOrganizer
    [organizerDataType:protected] => 
    [originalStartTimeType:protected] => Google\Service\Calendar\EventDateTime
    [originalStartTimeDataType:protected] => 
    [outOfOfficePropertiesType:protected] => Google\Service\Calendar\EventOutOfOfficeProperties
    [outOfOfficePropertiesDataType:protected] => 
    [privateCopy] => 
    [recurrence] => 
    [recurringEventId] => 
    [remindersType:protected] => Google\Service\Calendar\EventReminders
    [remindersDataType:protected] => 
    [sequence] => 
    [sourceType:protected] => Google\Service\Calendar\EventSource
    [sourceDataType:protected] => 
    [startType:protected] => Google\Service\Calendar\EventDateTime
    [startDataType:protected] => 
    [status] => 
    [summary] => Appuntamento Sig
    [transparency] => 
    [updated] => 
    [visibility] => 
    [workingLocationPropertiesType:protected] => Google\Service\Calendar\EventWorkingLocationProperties
    [workingLocationPropertiesDataType:protected] => 
    [start] => Google\Service\Calendar\EventDateTime Object
        (
            [internal_gapi_mappings:protected] => Array
                (
                )

            [modelData:protected] => Array
                (
                )

            [processed:protected] => Array
                (
                )

            [date] => 
            [dateTime] => 2025-08-01T09:00:00+02:00
            [timeZone] => Europe/Rome
        )

    [end] => Google\Service\Calendar\EventDateTime Object
        (
            [internal_gapi_mappings:protected] => Array
                (
                )

            [modelData:protected] => Array
                (
                )

            [processed:protected] => Array
                (
                )

            [date] => 
            [dateTime] => 2025-08-01T10:00:00+02:00
            [timeZone] => Europe/Rome
        )

)

2025-07-31T23:34:34+00:00 POST event created: {"id":"s9s6buiec29gqkcr5t930dqqic","title":"Appuntamento Sig","start":"2025-08-01T09:00:00+02:00","end":"2025-08-01T10:00:00+02:00"}
2025-07-31T23:34:34+00:00 GET start=2025-07-27T00:00:00+02:00 end=2025-09-07T00:00:00+02:00
2025-07-31T23:34:34+00:00 GET result: [{"id":"qohbm29fgliln4mlhafmnhpjnc","title":"test","start":"2025-07-30T09:00:00+02:00","end":"2025-07-30T10:00:00+02:00"},{"id":"s9s6buiec29gqkcr5t930dqqic","title":"Appuntamento Sig","start":"2025-08-01T09:00:00+02:00","end":"2025-08-01T10:00:00+02:00"}]
2025-07-31T23:42:53+00:00 GET start=2025-07-27T00:00:00+02:00 end=2025-09-07T00:00:00+02:00
2025-07-31T23:42:54+00:00 GET result: [{"id":"qohbm29fgliln4mlhafmnhpjnc","title":"test","start":"2025-07-30T09:00:00+02:00","end":"2025-07-30T10:00:00+02:00"},{"id":"s9s6buiec29gqkcr5t930dqqic","title":"Appuntamento Sig","start":"2025-08-01T09:00:00+02:00","end":"2025-08-01T10:00:00+02:00"}]
2025-07-31T23:43:02+00:00 POST raw input: {"title":"Appuntamento Sig","start":"2025-08-01T07:00","end":"2025-08-01T08:00"}
2025-07-31T23:43:02+00:00 POST parsed input: {"title":"Appuntamento Sig","start":"2025-08-01T07:00","end":"2025-08-01T08:00"}
2025-07-31T23:43:02+00:00 POST event to insert: Google\Service\Calendar\Event Object
(
    [internal_gapi_mappings:protected] => Array
        (
        )

    [modelData:protected] => Array
        (
        )

    [processed:protected] => Array
        (
        )

    [collection_key:protected] => recurrence
    [anyoneCanAddSelf] => 
    [attachmentsType:protected] => Google\Service\Calendar\EventAttachment
    [attachmentsDataType:protected] => array
    [attendeesType:protected] => Google\Service\Calendar\EventAttendee
    [attendeesDataType:protected] => array
    [attendeesOmitted] => 
    [birthdayPropertiesType:protected] => Google\Service\Calendar\EventBirthdayProperties
    [birthdayPropertiesDataType:protected] => 
    [colorId] => 
    [conferenceDataType:protected] => Google\Service\Calendar\ConferenceData
    [conferenceDataDataType:protected] => 
    [created] => 
    [creatorType:protected] => Google\Service\Calendar\EventCreator
    [creatorDataType:protected] => 
    [description] => 
    [endType:protected] => Google\Service\Calendar\EventDateTime
    [endDataType:protected] => 
    [endTimeUnspecified] => 
    [etag] => 
    [eventType] => 
    [extendedPropertiesType:protected] => Google\Service\Calendar\EventExtendedProperties
    [extendedPropertiesDataType:protected] => 
    [focusTimePropertiesType:protected] => Google\Service\Calendar\EventFocusTimeProperties
    [focusTimePropertiesDataType:protected] => 
    [gadgetType:protected] => Google\Service\Calendar\EventGadget
    [gadgetDataType:protected] => 
    [guestsCanInviteOthers] => 
    [guestsCanModify] => 
    [guestsCanSeeOtherGuests] => 
    [hangoutLink] => 
    [htmlLink] => 
    [iCalUID] => 
    [id] => 
    [kind] => 
    [location] => 
    [locked] => 
    [organizerType:protected] => Google\Service\Calendar\EventOrganizer
    [organizerDataType:protected] => 
    [originalStartTimeType:protected] => Google\Service\Calendar\EventDateTime
    [originalStartTimeDataType:protected] => 
    [outOfOfficePropertiesType:protected] => Google\Service\Calendar\EventOutOfOfficeProperties
    [outOfOfficePropertiesDataType:protected] => 
    [privateCopy] => 
    [recurrence] => 
    [recurringEventId] => 
    [remindersType:protected] => Google\Service\Calendar\EventReminders
    [remindersDataType:protected] => 
    [sequence] => 
    [sourceType:protected] => Google\Service\Calendar\EventSource
    [sourceDataType:protected] => 
    [startType:protected] => Google\Service\Calendar\EventDateTime
    [startDataType:protected] => 
    [status] => 
    [summary] => Appuntamento Sig
    [transparency] => 
    [updated] => 
    [visibility] => 
    [workingLocationPropertiesType:protected] => Google\Service\Calendar\EventWorkingLocationProperties
    [workingLocationPropertiesDataType:protected] => 
    [start] => Google\Service\Calendar\EventDateTime Object
        (
            [internal_gapi_mappings:protected] => Array
                (
                )

            [modelData:protected] => Array
                (
                )

            [processed:protected] => Array
                (
                )

            [date] => 
            [dateTime] => 2025-08-01T07:00:00+02:00
            [timeZone] => Europe/Rome
        )

    [end] => Google\Service\Calendar\EventDateTime Object
        (
            [internal_gapi_mappings:protected] => Array
                (
                )

            [modelData:protected] => Array
                (
                )

            [processed:protected] => Array
                (
                )

            [date] => 
            [dateTime] => 2025-08-01T08:00:00+02:00
            [timeZone] => Europe/Rome
        )

)

2025-07-31T23:43:02+00:00 POST event created: {"id":"3qb9abgtm1u265sn9r8o61um1s","title":"Appuntamento Sig","start":"2025-08-01T07:00:00+02:00","end":"2025-08-01T08:00:00+02:00"}
2025-07-31T23:43:03+00:00 GET start=2025-07-27T00:00:00+02:00 end=2025-09-07T00:00:00+02:00
2025-07-31T23:43:03+00:00 GET result: [{"id":"qohbm29fgliln4mlhafmnhpjnc","title":"test","start":"2025-07-30T09:00:00+02:00","end":"2025-07-30T10:00:00+02:00"},{"id":"3qb9abgtm1u265sn9r8o61um1s","title":"Appuntamento Sig","start":"2025-08-01T07:00:00+02:00","end":"2025-08-01T08:00:00+02:00"},{"id":"s9s6buiec29gqkcr5t930dqqic","title":"Appuntamento Sig","start":"2025-08-01T09:00:00+02:00","end":"2025-08-01T10:00:00+02:00"}]
2025-07-31T23:43:16+00:00 DELETE raw input: {"id":"3qb9abgtm1u265sn9r8o61um1s"}
2025-07-31T23:43:16+00:00 DELETE parsed input: {"id":"3qb9abgtm1u265sn9r8o61um1s"}
2025-07-31T23:43:17+00:00 DELETE event deleted: 3qb9abgtm1u265sn9r8o61um1s
2025-07-31T23:43:17+00:00 GET start=2025-07-27T00:00:00+02:00 end=2025-09-07T00:00:00+02:00
2025-07-31T23:43:17+00:00 GET result: [{"id":"qohbm29fgliln4mlhafmnhpjnc","title":"test","start":"2025-07-30T09:00:00+02:00","end":"2025-07-30T10:00:00+02:00"},{"id":"s9s6buiec29gqkcr5t930dqqic","title":"Appuntamento Sig","start":"2025-08-01T09:00:00+02:00","end":"2025-08-01T10:00:00+02:00"}]
2025-08-01T05:22:01+00:00 GET start=2025-07-27T00:00:00+02:00 end=2025-09-07T00:00:00+02:00
2025-08-01T05:22:02+00:00 GET result: [{"id":"qohbm29fgliln4mlhafmnhpjnc","title":"test","start":"2025-07-30T09:00:00+02:00","end":"2025-07-30T10:00:00+02:00"},{"id":"s9s6buiec29gqkcr5t930dqqic","title":"Appuntamento Sig","start":"2025-08-01T09:00:00+02:00","end":"2025-08-01T10:00:00+02:00"}]
2025-08-01T06:36:52+00:00 GET start=2025-07-27T00:00:00+02:00 end=2025-09-07T00:00:00+02:00
2025-08-01T06:36:53+00:00 GET result: [{"id":"qohbm29fgliln4mlhafmnhpjnc","title":"test","start":"2025-07-30T09:00:00+02:00","end":"2025-07-30T10:00:00+02:00"},{"id":"s9s6buiec29gqkcr5t930dqqic","title":"Appuntamento Sig","start":"2025-08-01T09:00:00+02:00","end":"2025-08-01T10:00:00+02:00"}]
2025-08-01T10:46:01+00:00 GET start=2025-07-27T00:00:00+02:00 end=2025-09-07T00:00:00+02:00
2025-08-01T10:46:02+00:00 GET result: [{"id":"qohbm29fgliln4mlhafmnhpjnc","title":"test","start":"2025-07-30T09:00:00+02:00","end":"2025-07-30T10:00:00+02:00"},{"id":"s9s6buiec29gqkcr5t930dqqic","title":"Appuntamento Sig","start":"2025-08-01T09:00:00+02:00","end":"2025-08-01T10:00:00+02:00"}]
